<?xml version="1.0" encoding="UTF-8"?>
<!-- Generated by org.testng.reporters.JUnitXMLReporter -->
<testsuite hostname="Rebecca-PC" ignored="0" name="Default test" tests="4" failures="0" timestamp="22 四月 2020 06:01:38 GMT" time="427.211" errors="0">
  <testcase name="Step1BaoXiuTest" time="115.939" classname="test.BaseClass"/>
  <testcase name="Step2WeiXiuTest" time="136.659" classname="test.BaseClass"/>
  <testcase name="Step3BaoXiuTest" time="91.251" classname="test.BaseClass"/>
  <testcase name="Step4WeiXiuTest" time="59.804" classname="test.BaseClass"/>
</testsuite> <!-- Default test -->
