<?xml version="1.0" encoding="UTF-8"?>
<testng-results skipped="0" failed="0" ignored="0" total="4" passed="4">
  <reporter-output>
  </reporter-output>
  <suite name="Default suite" duration-ms="427211" started-at="2020-04-22T05:54:30Z" finished-at="2020-04-22T06:01:38Z">
    <groups>
    </groups>
    <test name="Default test" duration-ms="427211" started-at="2020-04-22T05:54:30Z" finished-at="2020-04-22T06:01:38Z">
      <class name="test.BaseClass">
        <test-method status="PASS" signature="setup()[pri:0, instance:test.BaseClass@4b4523f8]" name="setup" is-config="true" duration-ms="23482" started-at="2020-04-22T05:54:30Z" finished-at="2020-04-22T05:54:54Z">
          <reporter-output>
          </reporter-output>
        </test-method> <!-- setup -->
        <test-method status="PASS" signature="Step1BaoXiuTest()[pri:0, instance:test.BaseClass@4b4523f8]" name="Step1BaoXiuTest" duration-ms="115939" started-at="2020-04-22T05:54:54Z" finished-at="2020-04-22T05:56:50Z">
          <reporter-output>
          </reporter-output>
        </test-method> <!-- Step1BaoXiuTest -->
        <test-method status="PASS" signature="Step2WeiXiuTest()[pri:0, instance:test.BaseClass@4b4523f8]" name="Step2WeiXiuTest" duration-ms="136659" started-at="2020-04-22T05:56:50Z" finished-at="2020-04-22T05:59:07Z">
          <reporter-output>
          </reporter-output>
        </test-method> <!-- Step2WeiXiuTest -->
        <test-method status="PASS" signature="Step3BaoXiuTest()[pri:0, instance:test.BaseClass@4b4523f8]" name="Step3BaoXiuTest" duration-ms="91251" started-at="2020-04-22T05:59:07Z" finished-at="2020-04-22T06:00:38Z">
          <reporter-output>
          </reporter-output>
        </test-method> <!-- Step3BaoXiuTest -->
        <test-method status="PASS" signature="Step4WeiXiuTest()[pri:0, instance:test.BaseClass@4b4523f8]" name="Step4WeiXiuTest" duration-ms="59804" started-at="2020-04-22T06:00:38Z" finished-at="2020-04-22T06:01:38Z">
          <reporter-output>
          </reporter-output>
        </test-method> <!-- Step4WeiXiuTest -->
        <test-method status="PASS" signature="teardown()[pri:0, instance:test.BaseClass@4b4523f8]" name="teardown" is-config="true" duration-ms="0" started-at="2020-04-22T06:01:38Z" finished-at="2020-04-22T06:01:38Z">
          <reporter-output>
          </reporter-output>
        </test-method> <!-- teardown -->
      </class> <!-- test.BaseClass -->
    </test> <!-- Default test -->
  </suite> <!-- Default suite -->
</testng-results>
